# JRE version: OpenJDK Runtime Environment Temurin-17.0.13+11 (17.0.13+11) (build 17.0.13+11)
# Java VM: OpenJDK 64-Bit Server VM Temurin-17.0.13+11 (17.0.13+11, mixed mode, tiered, compressed oops, compressed class ptrs, parallel gc, windows-amd64)
GC Precious Log:
 CPUs: 8 total, 8 available
 Memory: 8067M
 Large Page Support: Disabled
 NUMA Support: Disabled
 Compressed Oops: Enabled (32-bit)
 Alignments: Space 512K, Generation 512K, Heap 2M
 Heap Min Capacity: 100M
 Heap Initial Capacity: 100M
 Heap Max Capacity: 1G
 Pre-touch: Disabled
 Parallel Workers: 8
Heap:
 PSYoungGen      total 7168K, used 2833K [0x00000000eab00000, 0x00000000ebe80000, 0x0000000100000000)
  eden space 4096K, 46% used [0x00000000eab00000,0x00000000eacdc418,0x00000000eaf00000)
  from space 3072K, 30% used [0x00000000eb880000,0x00000000eb968020,0x00000000ebb80000)
  to   space 1536K, 0% used [0x00000000ebd00000,0x00000000ebd00000,0x00000000ebe80000)
 ParOldGen       total 325632K, used 251280K [0x00000000c0000000, 0x00000000d3e00000, 0x00000000eab00000)
  object space 325632K, 77% used [0x00000000c0000000,0x00000000cf5640e0,0x00000000d3e00000)
 Metaspace       used 82789K, committed 84352K, reserved 1179648K
  class space    used 8796K, committed 9472K, reserved 1048576K
GC Heap History (20 events):
Event: 62.394 GC heap before
{Heap before GC invocations=206 (full 14):
 PSYoungGen      total 22528K, used 2048K [0x00000000eab00000, 0x00000000ed580000, 0x0000000100000000)
  eden space 2048K, 100% used [0x00000000eab00000,0x00000000ead00000,0x00000000ead00000)
  from space 20480K, 0% used [0x00000000ead00000,0x00000000ead00000,0x00000000ec100000)
  to   space 20480K, 0% used [0x00000000ec180000,0x00000000ec180000,0x00000000ed580000)
 ParOldGen       total 325632K, used 246304K [0x00000000c0000000, 0x00000000d3e00000, 0x00000000eab00000)
  object space 325632K, 75% used [0x00000000c0000000,0x00000000cf088070,0x00000000d3e00000)
 Metaspace       used 81891K, committed 83456K, reserved 1179648K
  class space    used 8714K, committed 9408K, reserved 1048576K
}
Event: 62.397 GC heap after
{Heap after GC invocations=206 (full 14):
 PSYoungGen      total 3072K, used 544K [0x00000000eab00000, 0x00000000ec280000, 0x0000000100000000)
  eden space 2048K, 0% used [0x00000000eab00000,0x00000000eab00000,0x00000000ead00000)
  from space 1024K, 53% used [0x00000000ec180000,0x00000000ec208038,0x00000000ec280000)
  to   space 7680K, 0% used [0x00000000eb380000,0x00000000eb380000,0x00000000ebb00000)
 ParOldGen       total 325632K, used 246304K [0x00000000c0000000, 0x00000000d3e00000, 0x00000000eab00000)
  object space 325632K, 75% used [0x00000000c0000000,0x00000000cf088070,0x00000000d3e00000)
 Metaspace       used 81891K, committed 83456K, reserved 1179648K
  class space    used 8714K, committed 9408K, reserved 1048576K
}
Event: 62.432 GC heap before
{Heap before GC invocations=207 (full 14):
 PSYoungGen      total 3072K, used 2592K [0x00000000eab00000, 0x00000000ec280000, 0x0000000100000000)
  eden space 2048K, 100% used [0x00000000eab00000,0x00000000ead00000,0x00000000ead00000)
  from space 1024K, 53% used [0x00000000ec180000,0x00000000ec208038,0x00000000ec280000)
  to   space 7680K, 0% used [0x00000000eb380000,0x00000000eb380000,0x00000000ebb00000)
 ParOldGen       total 325632K, used 246304K [0x00000000c0000000, 0x00000000d3e00000, 0x00000000eab00000)
  object space 325632K, 75% used [0x00000000c0000000,0x00000000cf088070,0x00000000d3e00000)
 Metaspace       used 81907K, committed 83456K, reserved 1179648K
  class space    used 8717K, committed 9408K, reserved 1048576K
}
Event: 62.434 GC heap after
{Heap after GC invocations=207 (full 14):
 PSYoungGen      total 9728K, used 544K [0x00000000eab00000, 0x00000000ec200000, 0x0000000100000000)
  eden space 2048K, 0% used [0x00000000eab00000,0x00000000eab00000,0x00000000ead00000)
  from space 7680K, 7% used [0x00000000eb380000,0x00000000eb408010,0x00000000ebb00000)
  to   space 2048K, 0% used [0x00000000ec000000,0x00000000ec000000,0x00000000ec200000)
 ParOldGen       total 325632K, used 246304K [0x00000000c0000000, 0x00000000d3e00000, 0x00000000eab00000)
  object space 325632K, 75% used [0x00000000c0000000,0x00000000cf088070,0x00000000d3e00000)
 Metaspace       used 81907K, committed 83456K, reserved 1179648K
  class space    used 8717K, committed 9408K, reserved 1048576K
}
Event: 62.460 GC heap before
{Heap before GC invocations=208 (full 14):
 PSYoungGen      total 9728K, used 2592K [0x00000000eab00000, 0x00000000ec200000, 0x0000000100000000)
  eden space 2048K, 100% used [0x00000000eab00000,0x00000000ead00000,0x00000000ead00000)
  from space 7680K, 7% used [0x00000000eb380000,0x00000000eb408010,0x00000000ebb00000)
  to   space 2048K, 0% used [0x00000000ec000000,0x00000000ec000000,0x00000000ec200000)
 ParOldGen       total 325632K, used 246304K [0x00000000c0000000, 0x00000000d3e00000, 0x00000000eab00000)
  object space 325632K, 75% used [0x00000000c0000000,0x00000000cf088070,0x00000000d3e00000)
 Metaspace       used 81937K, committed 83520K, reserved 1179648K
  class space    used 8719K, committed 9408K, reserved 1048576K
}
Event: 62.462 GC heap after
{Heap after GC invocations=208 (full 14):
 PSYoungGen      total 3072K, used 864K [0x00000000eab00000, 0x00000000ec100000, 0x0000000100000000)
  eden space 2048K, 0% used [0x00000000eab00000,0x00000000eab00000,0x00000000ead00000)
  from space 1024K, 84% used [0x00000000ec000000,0x00000000ec0d8010,0x00000000ec100000)
  to   space 1024K, 0% used [0x00000000ebf00000,0x00000000ebf00000,0x00000000ec000000)
 ParOldGen       total 325632K, used 246304K [0x00000000c0000000, 0x00000000d3e00000, 0x00000000eab00000)
  object space 325632K, 75% used [0x00000000c0000000,0x00000000cf088070,0x00000000d3e00000)
 Metaspace       used 81937K, committed 83520K, reserved 1179648K
  class space    used 8719K, committed 9408K, reserved 1048576K
}
Event: 62.484 GC heap before
{Heap before GC invocations=209 (full 14):
 PSYoungGen      total 3072K, used 2912K [0x00000000eab00000, 0x00000000ec100000, 0x0000000100000000)
  eden space 2048K, 100% used [0x00000000eab00000,0x00000000ead00000,0x00000000ead00000)
  from space 1024K, 84% used [0x00000000ec000000,0x00000000ec0d8010,0x00000000ec100000)
  to   space 1024K, 0% used [0x00000000ebf00000,0x00000000ebf00000,0x00000000ec000000)
 ParOldGen       total 325632K, used 246304K [0x00000000c0000000, 0x00000000d3e00000, 0x00000000eab00000)
  object space 325632K, 75% used [0x00000000c0000000,0x00000000cf088070,0x00000000d3e00000)
 Metaspace       used 81976K, committed 83520K, reserved 1179648K
  class space    used 8723K, committed 9408K, reserved 1048576K
}
Event: 62.486 GC heap after
{Heap after GC invocations=209 (full 14):
 PSYoungGen      total 3584K, used 997K [0x00000000eab00000, 0x00000000ec080000, 0x0000000100000000)
  eden space 2560K, 0% used [0x00000000eab00000,0x00000000eab00000,0x00000000ead80000)
  from space 1024K, 97% used [0x00000000ebf00000,0x00000000ebff9770,0x00000000ec000000)
  to   space 512K, 0% used [0x00000000ec000000,0x00000000ec000000,0x00000000ec080000)
 ParOldGen       total 325632K, used 246792K [0x00000000c0000000, 0x00000000d3e00000, 0x00000000eab00000)
  object space 325632K, 75% used [0x00000000c0000000,0x00000000cf102070,0x00000000d3e00000)
 Metaspace       used 81976K, committed 83520K, reserved 1179648K
  class space    used 8723K, committed 9408K, reserved 1048576K
}
Event: 62.499 GC heap before
{Heap before GC invocations=210 (full 14):
 PSYoungGen      total 3584K, used 3557K [0x00000000eab00000, 0x00000000ec080000, 0x0000000100000000)
  eden space 2560K, 100% used [0x00000000eab00000,0x00000000ead80000,0x00000000ead80000)
  from space 1024K, 97% used [0x00000000ebf00000,0x00000000ebff9770,0x00000000ec000000)
  to   space 512K, 0% used [0x00000000ec000000,0x00000000ec000000,0x00000000ec080000)
 ParOldGen       total 325632K, used 246792K [0x00000000c0000000, 0x00000000d3e00000, 0x00000000eab00000)
  object space 325632K, 75% used [0x00000000c0000000,0x00000000cf102070,0x00000000d3e00000)
 Metaspace       used 81977K, committed 83520K, reserved 1179648K
  class space    used 8723K, committed 9408K, reserved 1048576K
}
Event: 62.502 GC heap after
{Heap after GC invocations=210 (full 14):
 PSYoungGen      total 3584K, used 512K [0x00000000eab00000, 0x00000000ec080000, 0x0000000100000000)
  eden space 3072K, 0% used [0x00000000eab00000,0x00000000eab00000,0x00000000eae00000)
  from space 512K, 100% used [0x00000000ec000000,0x00000000ec080000,0x00000000ec080000)
  to   space 3584K, 0% used [0x00000000eb980000,0x00000000eb980000,0x00000000ebd00000)
 ParOldGen       total 325632K, used 249269K [0x00000000c0000000, 0x00000000d3e00000, 0x00000000eab00000)
  object space 325632K, 76% used [0x00000000c0000000,0x00000000cf36d7c0,0x00000000d3e00000)
 Metaspace       used 81977K, committed 83520K, reserved 1179648K
  class space    used 8723K, committed 9408K, reserved 1048576K
}
Event: 62.541 GC heap before
{Heap before GC invocations=211 (full 14):
 PSYoungGen      total 3584K, used 3584K [0x00000000eab00000, 0x00000000ec080000, 0x0000000100000000)
  eden space 3072K, 100% used [0x00000000eab00000,0x00000000eae00000,0x00000000eae00000)
  from space 512K, 100% used [0x00000000ec000000,0x00000000ec080000,0x00000000ec080000)
  to   space 3584K, 0% used [0x00000000eb980000,0x00000000eb980000,0x00000000ebd00000)
 ParOldGen       total 325632K, used 249269K [0x00000000c0000000, 0x00000000d3e00000, 0x00000000eab00000)
  object space 325632K, 76% used [0x00000000c0000000,0x00000000cf36d7c0,0x00000000d3e00000)
 Metaspace       used 81987K, committed 83520K, reserved 1179648K
  class space    used 8723K, committed 9408K, reserved 1048576K
}
Event: 62.545 GC heap after
{Heap after GC invocations=211 (full 14):
 PSYoungGen      total 7168K, used 1984K [0x00000000eab00000, 0x00000000ec080000, 0x0000000100000000)
  eden space 3584K, 0% used [0x00000000eab00000,0x00000000eab00000,0x00000000eae80000)
  from space 3584K, 55% used [0x00000000eb980000,0x00000000ebb70000,0x00000000ebd00000)
  to   space 2560K, 0% used [0x00000000ebe00000,0x00000000ebe00000,0x00000000ec080000)
 ParOldGen       total 325632K, used 249269K [0x00000000c0000000, 0x00000000d3e00000, 0x00000000eab00000)
  object space 325632K, 76% used [0x00000000c0000000,0x00000000cf36d7c0,0x00000000d3e00000)
 Metaspace       used 81987K, committed 83520K, reserved 1179648K
  class space    used 8723K, committed 9408K, reserved 1048576K
}
Event: 64.003 GC heap before
{Heap before GC invocations=212 (full 14):
 PSYoungGen      total 7168K, used 5568K [0x00000000eab00000, 0x00000000ec080000, 0x0000000100000000)
  eden space 3584K, 100% used [0x00000000eab00000,0x00000000eae80000,0x00000000eae80000)
  from space 3584K, 55% used [0x00000000eb980000,0x00000000ebb70000,0x00000000ebd00000)
  to   space 2560K, 0% used [0x00000000ebe00000,0x00000000ebe00000,0x00000000ec080000)
 ParOldGen       total 325632K, used 249269K [0x00000000c0000000, 0x00000000d3e00000, 0x00000000eab00000)
  object space 325632K, 76% used [0x00000000c0000000,0x00000000cf36d7c0,0x00000000d3e00000)
 Metaspace       used 82089K, committed 83648K, reserved 1179648K
  class space    used 8731K, committed 9408K, reserved 1048576K
}
Event: 64.008 GC heap after
{Heap after GC invocations=212 (full 14):
 PSYoungGen      total 6656K, used 2448K [0x00000000eab00000, 0x00000000ec080000, 0x0000000100000000)
  eden space 4096K, 0% used [0x00000000eab00000,0x00000000eab00000,0x00000000eaf00000)
  from space 2560K, 95% used [0x00000000ebe00000,0x00000000ec064010,0x00000000ec080000)
  to   space 2560K, 0% used [0x00000000ebb80000,0x00000000ebb80000,0x00000000ebe00000)
 ParOldGen       total 325632K, used 249277K [0x00000000c0000000, 0x00000000d3e00000, 0x00000000eab00000)
  object space 325632K, 76% used [0x00000000c0000000,0x00000000cf36f7c0,0x00000000d3e00000)
 Metaspace       used 82089K, committed 83648K, reserved 1179648K
  class space    used 8731K, committed 9408K, reserved 1048576K
}
Event: 69.228 GC heap before
{Heap before GC invocations=213 (full 14):
 PSYoungGen      total 6656K, used 6544K [0x00000000eab00000, 0x00000000ec080000, 0x0000000100000000)
  eden space 4096K, 100% used [0x00000000eab00000,0x00000000eaf00000,0x00000000eaf00000)
  from space 2560K, 95% used [0x00000000ebe00000,0x00000000ec064010,0x00000000ec080000)
  to   space 2560K, 0% used [0x00000000ebb80000,0x00000000ebb80000,0x00000000ebe00000)
 ParOldGen       total 325632K, used 249277K [0x00000000c0000000, 0x00000000d3e00000, 0x00000000eab00000)
  object space 325632K, 76% used [0x00000000c0000000,0x00000000cf36f7c0,0x00000000d3e00000)
 Metaspace       used 82132K, committed 83712K, reserved 1179648K
  class space    used 8731K, committed 9408K, reserved 1048576K
}
Event: 69.231 GC heap after
{Heap after GC invocations=213 (full 14):
 PSYoungGen      total 6656K, used 2112K [0x00000000eab00000, 0x00000000ebe80000, 0x0000000100000000)
  eden space 4096K, 0% used [0x00000000eab00000,0x00000000eab00000,0x00000000eaf00000)
  from space 2560K, 82% used [0x00000000ebb80000,0x00000000ebd90020,0x00000000ebe00000)
  to   space 512K, 0% used [0x00000000ebe00000,0x00000000ebe00000,0x00000000ebe80000)
 ParOldGen       total 325632K, used 249285K [0x00000000c0000000, 0x00000000d3e00000, 0x00000000eab00000)
  object space 325632K, 76% used [0x00000000c0000000,0x00000000cf3717c0,0x00000000d3e00000)
 Metaspace       used 82132K, committed 83712K, reserved 1179648K
  class space    used 8731K, committed 9408K, reserved 1048576K
}
Event: 69.310 GC heap before
{Heap before GC invocations=214 (full 14):
 PSYoungGen      total 6656K, used 6208K [0x00000000eab00000, 0x00000000ebe80000, 0x0000000100000000)
  eden space 4096K, 100% used [0x00000000eab00000,0x00000000eaf00000,0x00000000eaf00000)
  from space 2560K, 82% used [0x00000000ebb80000,0x00000000ebd90020,0x00000000ebe00000)
  to   space 512K, 0% used [0x00000000ebe00000,0x00000000ebe00000,0x00000000ebe80000)
 ParOldGen       total 325632K, used 249285K [0x00000000c0000000, 0x00000000d3e00000, 0x00000000eab00000)
  object space 325632K, 76% used [0x00000000c0000000,0x00000000cf3717c0,0x00000000d3e00000)
 Metaspace       used 82416K, committed 83968K, reserved 1179648K
  class space    used 8757K, committed 9408K, reserved 1048576K
}
Event: 69.313 GC heap after
{Heap after GC invocations=214 (full 14):
 PSYoungGen      total 4608K, used 512K [0x00000000eab00000, 0x00000000ebe80000, 0x0000000100000000)
  eden space 4096K, 0% used [0x00000000eab00000,0x00000000eab00000,0x00000000eaf00000)
  from space 512K, 100% used [0x00000000ebe00000,0x00000000ebe80000,0x00000000ebe80000)
  to   space 3072K, 0% used [0x00000000eb880000,0x00000000eb880000,0x00000000ebb80000)
 ParOldGen       total 325632K, used 251272K [0x00000000c0000000, 0x00000000d3e00000, 0x00000000eab00000)
  object space 325632K, 77% used [0x00000000c0000000,0x00000000cf5620e0,0x00000000d3e00000)
 Metaspace       used 82416K, committed 83968K, reserved 1179648K
  class space    used 8757K, committed 9408K, reserved 1048576K
}
Event: 69.418 GC heap before
{Heap before GC invocations=215 (full 14):
 PSYoungGen      total 4608K, used 4608K [0x00000000eab00000, 0x00000000ebe80000, 0x0000000100000000)
  eden space 4096K, 100% used [0x00000000eab00000,0x00000000eaf00000,0x00000000eaf00000)
  from space 512K, 100% used [0x00000000ebe00000,0x00000000ebe80000,0x00000000ebe80000)
  to   space 3072K, 0% used [0x00000000eb880000,0x00000000eb880000,0x00000000ebb80000)
 ParOldGen       total 325632K, used 251272K [0x00000000c0000000, 0x00000000d3e00000, 0x00000000eab00000)
  object space 325632K, 77% used [0x00000000c0000000,0x00000000cf5620e0,0x00000000d3e00000)
 Metaspace       used 82774K, committed 84352K, reserved 1179648K
  class space    used 8796K, committed 9472K, reserved 1048576K
}
Event: 69.420 GC heap after
{Heap after GC invocations=215 (full 14):
 PSYoungGen      total 7168K, used 928K [0x00000000eab00000, 0x00000000ebe80000, 0x0000000100000000)
  eden space 4096K, 0% used [0x00000000eab00000,0x00000000eab00000,0x00000000eaf00000)
  from space 3072K, 30% used [0x00000000eb880000,0x00000000eb968020,0x00000000ebb80000)
  to   space 1536K, 0% used [0x00000000ebd00000,0x00000000ebd00000,0x00000000ebe80000)
 ParOldGen       total 325632K, used 251280K [0x00000000c0000000, 0x00000000d3e00000, 0x00000000eab00000)
  object space 325632K, 77% used [0x00000000c0000000,0x00000000cf5640e0,0x00000000d3e00000)
 Metaspace       used 82774K, committed 84352K, reserved 1179648K
  class space    used 8796K, committed 9472K, reserved 1048576K
}

